Copyright 1986-2014 Xilinx, Inc. All Rights Reserved.
-----------------------------------------------------------------------------------------------------------------------------------------------------
| Tool Version : Vivado v.2014.2 (win64) Build 932637 Wed Jun 11 13:33:10 MDT 2014
| Date         : Wed Sep 10 10:16:52 2014
| Host         : VRL-PC running 64-bit Service Pack 1  (build 7601)
| Command      : report_utilization -file design_gpio_interrupt_wrapper_utilization_synth.rpt -pb design_gpio_interrupt_wrapper_utilization_synth.pb
| Design       : design_gpio_interrupt_wrapper
| Device       : xc7z020
| Design State : Synthesized
-----------------------------------------------------------------------------------------------------------------------------------------------------

Utilization Design Information

Table of Contents
-----------------
1. Slice Logic
2. Memory
3. DSP
4. IO and GT Specific
5. Clocking
6. Specific Feature
7. Primitives
8. Black Boxes
9. Instantiated Netlists

1. Slice Logic
--------------

+----------------------------+------+-------+-----------+-------+
|          Site Type         | Used | Fixed | Available | Util% |
+----------------------------+------+-------+-----------+-------+
| Slice LUTs*                |  850 |     0 |     53200 |  1.59 |
|   LUT as Logic             |  780 |     0 |     53200 |  1.46 |
|   LUT as Memory            |   70 |     0 |     17400 |  0.40 |
|     LUT as Distributed RAM |    0 |     0 |           |       |
|     LUT as Shift Register  |   70 |     0 |           |       |
| Slice Registers            |  910 |     0 |    106400 |  0.85 |
|   Register as Flip Flop    |  910 |     0 |    106400 |  0.85 |
|   Register as Latch        |    0 |     0 |    106400 |  0.00 |
| F7 Muxes                   |    0 |     0 |     26600 |  0.00 |
| F8 Muxes                   |    0 |     0 |     13300 |  0.00 |
+----------------------------+------+-------+-----------+-------+
* Warning! The Final LUT count, after physical optimizations and full implementation, is typically lower. Run opt_design after synthesis, if not already completed, for a more realistic count.


2. Memory
---------

+----------------+------+-------+-----------+-------+
|    Site Type   | Used | Fixed | Available | Util% |
+----------------+------+-------+-----------+-------+
| Block RAM Tile |    0 |     0 |       140 |  0.00 |
|   RAMB36/FIFO* |    0 |     0 |       140 |  0.00 |
|   RAMB18       |    0 |     0 |       280 |  0.00 |
+----------------+------+-------+-----------+-------+
* Note: Each Block RAM Tile only has one FIFO logic available and therefore can accommodate only one FIFO36E1 or one FIFO18E1. However, if a FIFO18E1 occupies a Block RAM Tile, that tile can still accommodate a RAMB18E1


3. DSP
------

+-----------+------+-------+-----------+-------+
| Site Type | Used | Fixed | Available | Util% |
+-----------+------+-------+-----------+-------+
| DSPs      |    0 |     0 |       220 |  0.00 |
+-----------+------+-------+-----------+-------+


4. IO and GT Specific
---------------------

+-----------------------------+------+-------+-----------+--------+
|          Site Type          | Used | Fixed | Available |  Util% |
+-----------------------------+------+-------+-----------+--------+
| Bonded IOB                  |    6 |     0 |       200 |   3.00 |
| Bonded IPADs                |    0 |     0 |         2 |   0.00 |
| Bonded IOPADs               |  130 |     0 |       130 | 100.00 |
| PHY_CONTROL                 |    0 |     0 |         4 |   0.00 |
| PHASER_REF                  |    0 |     0 |         4 |   0.00 |
| OUT_FIFO                    |    0 |     0 |        16 |   0.00 |
| IN_FIFO                     |    0 |     0 |        16 |   0.00 |
| IDELAYCTRL                  |    0 |     0 |         4 |   0.00 |
| IBUFGDS                     |    0 |     0 |       192 |   0.00 |
| PHASER_OUT/PHASER_OUT_PHY   |    0 |     0 |        16 |   0.00 |
| PHASER_IN/PHASER_IN_PHY     |    0 |     0 |        16 |   0.00 |
| IDELAYE2/IDELAYE2_FINEDELAY |    0 |     0 |       200 |   0.00 |
| ILOGIC                      |    0 |     0 |       200 |   0.00 |
| OLOGIC                      |    0 |     0 |       200 |   0.00 |
+-----------------------------+------+-------+-----------+--------+


5. Clocking
-----------

+------------+------+-------+-----------+-------+
|  Site Type | Used | Fixed | Available | Util% |
+------------+------+-------+-----------+-------+
| BUFGCTRL   |    1 |     0 |        32 |  3.12 |
| BUFIO      |    0 |     0 |        16 |  0.00 |
| MMCME2_ADV |    0 |     0 |         4 |  0.00 |
| PLLE2_ADV  |    0 |     0 |         4 |  0.00 |
| BUFMRCE    |    0 |     0 |         8 |  0.00 |
| BUFHCE     |    0 |     0 |        72 |  0.00 |
| BUFR       |    0 |     0 |        16 |  0.00 |
+------------+------+-------+-----------+-------+


6. Specific Feature
-------------------

+-------------+------+-------+-----------+-------+
|  Site Type  | Used | Fixed | Available | Util% |
+-------------+------+-------+-----------+-------+
| BSCANE2     |    0 |     0 |         4 |  0.00 |
| CAPTUREE2   |    0 |     0 |         1 |  0.00 |
| DNA_PORT    |    0 |     0 |         1 |  0.00 |
| EFUSE_USR   |    0 |     0 |         1 |  0.00 |
| FRAME_ECCE2 |    0 |     0 |         1 |  0.00 |
| ICAPE2      |    0 |     0 |         2 |  0.00 |
| STARTUPE2   |    0 |     0 |         1 |  0.00 |
| XADC        |    0 |     0 |         1 |  0.00 |
+-------------+------+-------+-----------+-------+


7. Primitives
-------------

+----------+------+----------------------+
| Ref Name | Used |  Functional Category |
+----------+------+----------------------+
| FDRE     |  836 |         Flop & Latch |
| LUT3     |  279 |                  LUT |
| LUT6     |  217 |                  LUT |
| LUT4     |  156 |                  LUT |
| LUT5     |  143 |                  LUT |
| LUT1     |  136 |                  LUT |
| BIBUF    |  130 |                   IO |
| FDSE     |   74 |         Flop & Latch |
| LUT2     |   53 |                  LUT |
| SRLC32E  |   47 |   Distributed Memory |
| SRL16E   |   23 |   Distributed Memory |
| CARRY4   |   18 |           CarryLogic |
| OBUF     |    4 |                   IO |
| IBUF     |    2 |                   IO |
| PS7      |    1 | Specialized Resource |
| BUFG     |    1 |                Clock |
+----------+------+----------------------+


8. Black Boxes
--------------

+----------+------+
| Ref Name | Used |
+----------+------+


9. Instantiated Netlists
------------------------

+----------+------+
| Ref Name | Used |
+----------+------+


